  [1m[35mSQL (0.1ms)[0m  [1m[35mSET search_path TO public /*application='Backend'*/[0m
  [1m[35m (89.2ms)[0m  [1m[35mCREATE DATABASE "backend_development" ENCODING = 'unicode' /*application='Backend'*/[0m
Started GET "/" for 172.20.0.1 at 2026-03-24 17:55:24 +0000
  [1m[35m (9.9ms)[0m  [1m[35mCREATE TABLE "schema_migrations" ("version" character varying NOT NULL PRIMARY KEY) /*application='Backend'*/[0m
  [1m[35m (9.0ms)[0m  [1m[35mCREATE TABLE "ar_internal_metadata" ("key" character varying NOT NULL PRIMARY KEY, "value" character varying, "created_at" timestamp(6) NOT NULL, "updated_at" timestamp(6) NOT NULL) /*application='Backend'*/[0m
  [1m[36mActiveRecord::SchemaMigration Load (0.7ms)[0m  [1m[34mSELECT "schema_migrations"."version" FROM "schema_migrations" ORDER BY "schema_migrations"."version" ASC /*application='Backend'*/[0m
Processing by Rails::WelcomeController#index as HTML
  Rendering /usr/local/bundle/gems/railties-8.1.2.1/lib/rails/templates/rails/welcome/index.html.erb
  Rendered /usr/local/bundle/gems/railties-8.1.2.1/lib/rails/templates/rails/welcome/index.html.erb (Duration: 0.6ms | GC: 0.0ms)
Completed 200 OK in 18ms (Views: 5.2ms | ActiveRecord: 0.0ms (0 queries, 0 cached) | GC: 1.3ms)


Started GET "/icon.png" for 172.20.0.1 at 2026-03-24 17:55:24 +0000
  
ActionController::RoutingError (No route matches [GET] "/icon.png"):
  
  [1m[35m (0.7ms)[0m  [1m[34mSELECT pg_try_advisory_lock(5073945470573576205) /*application='Backend'*/[0m
  [1m[36mActiveRecord::SchemaMigration Load (2.8ms)[0m  [1m[34mSELECT "schema_migrations"."version" FROM "schema_migrations" ORDER BY "schema_migrations"."version" ASC /*application='Backend'*/[0m
  [1m[36mActiveRecord::InternalMetadata Load (1.5ms)[0m  [1m[34mSELECT * FROM "ar_internal_metadata" WHERE "ar_internal_metadata"."key" = 'environment' ORDER BY "ar_internal_metadata"."key" ASC LIMIT 1 /*application='Backend'*/[0m
  [1m[36mActiveRecord::InternalMetadata Create (4.7ms)[0m  [1m[32mINSERT INTO "ar_internal_metadata" ("key", "value", "created_at", "updated_at") VALUES ('environment', 'development', '2026-03-26 17:05:07.654838', '2026-03-26 17:05:07.654841') RETURNING "key" /*application='Backend'*/[0m
Migrating to CreateCompanies (20260326161051)
  [1m[36mTRANSACTION (0.2ms)[0m  [1m[35mBEGIN /*application='Backend'*/[0m
  [1m[35m (29.9ms)[0m  [1m[35mCREATE TABLE "companies" ("id" bigserial primary key, "name" character varying, "created_at" timestamp(6) NOT NULL, "updated_at" timestamp(6) NOT NULL) /*application='Backend'*/[0m
  [1m[36mActiveRecord::SchemaMigration Create (0.5ms)[0m  [1m[32mINSERT INTO "schema_migrations" ("version") VALUES ('20260326161051') RETURNING "version" /*application='Backend'*/[0m
  [1m[36mTRANSACTION (2.1ms)[0m  [1m[35mCOMMIT /*application='Backend'*/[0m
Migrating to CreateUsers (20260326161058)
  [1m[36mTRANSACTION (0.2ms)[0m  [1m[35mBEGIN /*application='Backend'*/[0m
  [1m[35m (8.8ms)[0m  [1m[35mCREATE TABLE "users" ("id" bigserial primary key, "cf" character varying, "username" character varying, "password" character varying, "email" character varying, "name" character varying, "surname" character varying, "created_at" timestamp(6) NOT NULL, "updated_at" timestamp(6) NOT NULL) /*application='Backend'*/[0m
  [1m[36mActiveRecord::SchemaMigration Create (0.6ms)[0m  [1m[32mINSERT INTO "schema_migrations" ("version") VALUES ('20260326161058') RETURNING "version" /*application='Backend'*/[0m
  [1m[36mTRANSACTION (2.1ms)[0m  [1m[35mCOMMIT /*application='Backend'*/[0m
Migrating to CreateTemplates (20260326161545)
  [1m[36mTRANSACTION (0.2ms)[0m  [1m[35mBEGIN /*application='Backend'*/[0m
  [1m[35m (8.6ms)[0m  [1m[35mCREATE TABLE "templates" ("id" bigserial primary key, "subject" text, "body_text" text, "created_at" timestamp(6) NOT NULL, "updated_at" timestamp(6) NOT NULL) /*application='Backend'*/[0m
  [1m[36mActiveRecord::SchemaMigration Create (0.3ms)[0m  [1m[32mINSERT INTO "schema_migrations" ("version") VALUES ('20260326161545') RETURNING "version" /*application='Backend'*/[0m
  [1m[36mTRANSACTION (2.8ms)[0m  [1m[35mCOMMIT /*application='Backend'*/[0m
Migrating to CreateTones (20260326161645)
  [1m[36mTRANSACTION (0.2ms)[0m  [1m[35mBEGIN /*application='Backend'*/[0m
  [1m[35m (10.9ms)[0m  [1m[35mCREATE TABLE "tones" ("id" bigserial primary key, "name" character varying, "description" text, "company_id" bigint NOT NULL, "created_at" timestamp(6) NOT NULL, "updated_at" timestamp(6) NOT NULL, CONSTRAINT "fk_rails_defed01769"
FOREIGN KEY ("company_id")
  REFERENCES "companies" ("id")
) /*application='Backend'*/[0m
  [1m[35m (3.3ms)[0m  [1m[35mCREATE INDEX "index_tones_on_company_id" ON "tones" ("company_id") /*application='Backend'*/[0m
  [1m[36mActiveRecord::SchemaMigration Create (0.3ms)[0m  [1m[32mINSERT INTO "schema_migrations" ("version") VALUES ('20260326161645') RETURNING "version" /*application='Backend'*/[0m
  [1m[36mTRANSACTION (1.6ms)[0m  [1m[35mCOMMIT /*application='Backend'*/[0m
Migrating to CreateStyles (20260326161651)
  [1m[36mTRANSACTION (0.2ms)[0m  [1m[35mBEGIN /*application='Backend'*/[0m
  [1m[35m (8.6ms)[0m  [1m[35mCREATE TABLE "styles" ("id" bigserial primary key, "name" character varying, "description" text, "company_id" bigint NOT NULL, "created_at" timestamp(6) NOT NULL, "updated_at" timestamp(6) NOT NULL, CONSTRAINT "fk_rails_271d69c4f5"
FOREIGN KEY ("company_id")
  REFERENCES "companies" ("id")
) /*application='Backend'*/[0m
  [1m[35m (3.3ms)[0m  [1m[35mCREATE INDEX "index_styles_on_company_id" ON "styles" ("company_id") /*application='Backend'*/[0m
  [1m[36mActiveRecord::SchemaMigration Create (0.3ms)[0m  [1m[32mINSERT INTO "schema_migrations" ("version") VALUES ('20260326161651') RETURNING "version" /*application='Backend'*/[0m
  [1m[36mTRANSACTION (1.6ms)[0m  [1m[35mCOMMIT /*application='Backend'*/[0m
Migrating to CreateEmployees (20260326161731)
  [1m[36mTRANSACTION (0.3ms)[0m  [1m[35mBEGIN /*application='Backend'*/[0m
  [1m[35m (10.3ms)[0m  [1m[35mCREATE TABLE "employees" ("id" bigserial primary key, "department" character varying, "user_id" bigint NOT NULL, "company_id" bigint NOT NULL, "created_at" timestamp(6) NOT NULL, "updated_at" timestamp(6) NOT NULL, CONSTRAINT "fk_rails_dcfd3d4fc3"
FOREIGN KEY ("user_id")
  REFERENCES "users" ("id")
, CONSTRAINT "fk_rails_15ca1438d5"
FOREIGN KEY ("company_id")
  REFERENCES "companies" ("id")
) /*application='Backend'*/[0m
  [1m[35m (3.3ms)[0m  [1m[35mCREATE INDEX "index_employees_on_user_id" ON "employees" ("user_id") /*application='Backend'*/[0m
  [1m[35m (4.1ms)[0m  [1m[35mCREATE INDEX "index_employees_on_company_id" ON "employees" ("company_id") /*application='Backend'*/[0m
  [1m[36mActiveRecord::SchemaMigration Create (0.3ms)[0m  [1m[32mINSERT INTO "schema_migrations" ("version") VALUES ('20260326161731') RETURNING "version" /*application='Backend'*/[0m
  [1m[36mTRANSACTION (1.8ms)[0m  [1m[35mCOMMIT /*application='Backend'*/[0m
Migrating to CreateGeneratedData (20260326162658)
  [1m[36mTRANSACTION (0.2ms)[0m  [1m[35mBEGIN /*application='Backend'*/[0m
  [1m[35m (19.1ms)[0m  [1m[35mCREATE TABLE "generated_data" ("id" bigserial primary key, "title" character varying, "text_result" text, "img_path" character varying, "generation_time" decimal, "data_time" timestamp(6), "rating" decimal, "prompt" text, "height" integer, "width" integer, "seed" character varying, "status" character varying, "tone_id" bigint NOT NULL, "style_id" bigint NOT NULL, "company_id" bigint NOT NULL, "version_id" bigint, "created_at" timestamp(6) NOT NULL, "updated_at" timestamp(6) NOT NULL, CONSTRAINT "fk_rails_4c0dd6abc3"
FOREIGN KEY ("tone_id")
  REFERENCES "tones" ("id")
, CONSTRAINT "fk_rails_e9be1150ed"
FOREIGN KEY ("style_id")
  REFERENCES "styles" ("id")
, CONSTRAINT "fk_rails_c3b3703058"
FOREIGN KEY ("company_id")
  REFERENCES "companies" ("id")
) /*application='Backend'*/[0m
  [1m[35m (7.0ms)[0m  [1m[35mCREATE INDEX "index_generated_data_on_tone_id" ON "generated_data" ("tone_id") /*application='Backend'*/[0m
  [1m[35m (7.3ms)[0m  [1m[35mCREATE INDEX "index_generated_data_on_style_id" ON "generated_data" ("style_id") /*application='Backend'*/[0m
  [1m[35m (3.4ms)[0m  [1m[35mCREATE INDEX "index_generated_data_on_company_id" ON "generated_data" ("company_id") /*application='Backend'*/[0m
  [1m[35m (3.6ms)[0m  [1m[35mCREATE INDEX "index_generated_data_on_version_id" ON "generated_data" ("version_id") /*application='Backend'*/[0m
  [1m[36mActiveRecord::SchemaMigration Create (0.3ms)[0m  [1m[32mINSERT INTO "schema_migrations" ("version") VALUES ('20260326162658') RETURNING "version" /*application='Backend'*/[0m
  [1m[36mTRANSACTION (1.7ms)[0m  [1m[35mCOMMIT /*application='Backend'*/[0m
Migrating to CreateUploadedDocuments (20260326163224)
  [1m[36mTRANSACTION (0.3ms)[0m  [1m[35mBEGIN /*application='Backend'*/[0m
  [1m[35m (9.8ms)[0m  [1m[35mCREATE TABLE "uploaded_documents" ("id" bigserial primary key, "checksum" character varying, "file_kind" character varying, "storage_path" character varying, "original_filename" character varying, "override_company" character varying, "override_department" character varying, "page_count" integer, "category" character varying, "competence_period" character varying, "employee_id" bigint NOT NULL, "created_at" timestamp(6) NOT NULL, "updated_at" timestamp(6) NOT NULL, CONSTRAINT "fk_rails_3ffb430445"
FOREIGN KEY ("employee_id")
  REFERENCES "employees" ("id")
) /*application='Backend'*/[0m
  [1m[35m (3.2ms)[0m  [1m[35mCREATE INDEX "index_uploaded_documents_on_employee_id" ON "uploaded_documents" ("employee_id") /*application='Backend'*/[0m
  [1m[36mActiveRecord::SchemaMigration Create (0.3ms)[0m  [1m[32mINSERT INTO "schema_migrations" ("version") VALUES ('20260326163224') RETURNING "version" /*application='Backend'*/[0m
  [1m[36mTRANSACTION (1.6ms)[0m  [1m[35mCOMMIT /*application='Backend'*/[0m
Migrating to CreatePosts (20260326163323)
  [1m[36mTRANSACTION (0.2ms)[0m  [1m[35mBEGIN /*application='Backend'*/[0m
  [1m[35m (8.5ms)[0m  [1m[35mCREATE TABLE "posts" ("id" bigserial primary key, "title" character varying, "body_text" text, "date_time" timestamp(6), "img_path" character varying, "generated_datum_id" bigint NOT NULL, "created_at" timestamp(6) NOT NULL, "updated_at" timestamp(6) NOT NULL, CONSTRAINT "fk_rails_d486ba231a"
FOREIGN KEY ("generated_datum_id")
  REFERENCES "generated_data" ("id")
) /*application='Backend'*/[0m
  [1m[35m (3.0ms)[0m  [1m[35mCREATE INDEX "index_posts_on_generated_datum_id" ON "posts" ("generated_datum_id") /*application='Backend'*/[0m
  [1m[36mActiveRecord::SchemaMigration Create (0.3ms)[0m  [1m[32mINSERT INTO "schema_migrations" ("version") VALUES ('20260326163323') RETURNING "version" /*application='Backend'*/[0m
  [1m[36mTRANSACTION (1.9ms)[0m  [1m[35mCOMMIT /*application='Backend'*/[0m
Migrating to CreateProcessingRuns (20260326163634)
  [1m[36mTRANSACTION (0.2ms)[0m  [1m[35mBEGIN /*application='Backend'*/[0m
  [1m[35m (9.0ms)[0m  [1m[35mCREATE TABLE "processing_runs" ("id" bigserial primary key, "status" character varying, "completed_at" timestamp(6), "error_message" text, "job_id" character varying, "original_file_name" character varying, "processed_documents" integer, "total_documents" integer, "uploaded_document_id" bigint NOT NULL, "created_at" timestamp(6) NOT NULL, "updated_at" timestamp(6) NOT NULL, CONSTRAINT "fk_rails_36aa9f6a73"
FOREIGN KEY ("uploaded_document_id")
  REFERENCES "uploaded_documents" ("id")
) /*application='Backend'*/[0m
  [1m[35m (3.1ms)[0m  [1m[35mCREATE INDEX "index_processing_runs_on_uploaded_document_id" ON "processing_runs" ("uploaded_document_id") /*application='Backend'*/[0m
  [1m[36mActiveRecord::SchemaMigration Create (0.3ms)[0m  [1m[32mINSERT INTO "schema_migrations" ("version") VALUES ('20260326163634') RETURNING "version" /*application='Backend'*/[0m
  [1m[36mTRANSACTION (1.6ms)[0m  [1m[35mCOMMIT /*application='Backend'*/[0m
Migrating to CreateExtractedDocuments (20260326164016)
  [1m[36mTRANSACTION (0.2ms)[0m  [1m[35mBEGIN /*application='Backend'*/[0m
  [1m[35m (9.5ms)[0m  [1m[35mCREATE TABLE "extracted_documents" ("id" bigserial primary key, "confidence" character varying, "page_start" integer, "page_end" integer, "error_message" text, "sequence" integer, "metadata" jsonb, "status" character varying, "process_time_seconds" decimal, "processed_at" timestamp(6), "uploaded_document_id" bigint NOT NULL, "matched_employee_id" bigint NOT NULL, "created_at" timestamp(6) NOT NULL, "updated_at" timestamp(6) NOT NULL, CONSTRAINT "fk_rails_0c576b12d4"
FOREIGN KEY ("uploaded_document_id")
  REFERENCES "uploaded_documents" ("id")
, CONSTRAINT "fk_rails_b453d7060a"
FOREIGN KEY ("matched_employee_id")
  REFERENCES "users" ("id")
) /*application='Backend'*/[0m
  [1m[35m (3.1ms)[0m  [1m[35mCREATE INDEX "index_extracted_documents_on_uploaded_document_id" ON "extracted_documents" ("uploaded_document_id") /*application='Backend'*/[0m
  [1m[35m (2.8ms)[0m  [1m[35mCREATE INDEX "index_extracted_documents_on_matched_employee_id" ON "extracted_documents" ("matched_employee_id") /*application='Backend'*/[0m
  [1m[36mActiveRecord::SchemaMigration Create (0.5ms)[0m  [1m[32mINSERT INTO "schema_migrations" ("version") VALUES ('20260326164016') RETURNING "version" /*application='Backend'*/[0m
  [1m[36mTRANSACTION (2.0ms)[0m  [1m[35mCOMMIT /*application='Backend'*/[0m
Migrating to CreateProcessingItems (20260326164801)
  [1m[36mTRANSACTION (0.2ms)[0m  [1m[35mBEGIN /*application='Backend'*/[0m
  [1m[35m (8.4ms)[0m  [1m[35mCREATE TABLE "processing_items" ("id" bigserial primary key, "error_message" text, "status" character varying, "sequence" character varying, "filename" character varying, "extracted_document_id" bigint NOT NULL, "processing_run_id" bigint NOT NULL, "created_at" timestamp(6) NOT NULL, "updated_at" timestamp(6) NOT NULL, CONSTRAINT "fk_rails_2863765660"
FOREIGN KEY ("extracted_document_id")
  REFERENCES "extracted_documents" ("id")
, CONSTRAINT "fk_rails_fb7d50661f"
FOREIGN KEY ("processing_run_id")
  REFERENCES "processing_runs" ("id")
) /*application='Backend'*/[0m
  [1m[35m (3.6ms)[0m  [1m[35mCREATE INDEX "index_processing_items_on_extracted_document_id" ON "processing_items" ("extracted_document_id") /*application='Backend'*/[0m
  [1m[35m (3.4ms)[0m  [1m[35mCREATE INDEX "index_processing_items_on_processing_run_id" ON "processing_items" ("processing_run_id") /*application='Backend'*/[0m
  [1m[36mActiveRecord::SchemaMigration Create (0.3ms)[0m  [1m[32mINSERT INTO "schema_migrations" ("version") VALUES ('20260326164801') RETURNING "version" /*application='Backend'*/[0m
  [1m[36mTRANSACTION (1.9ms)[0m  [1m[35mCOMMIT /*application='Backend'*/[0m
Migrating to CreateSendings (20260326164845)
  [1m[36mTRANSACTION (0.2ms)[0m  [1m[35mBEGIN /*application='Backend'*/[0m
  [1m[35m (20.8ms)[0m  [1m[35mCREATE TABLE "sendings" ("id" bigserial primary key, "body" text, "sent_at" timestamp(6), "subject" character varying, "recipient_id" bigint NOT NULL, "extracted_document_id" bigint NOT NULL, "template_document_id" bigint NOT NULL, "created_at" timestamp(6) NOT NULL, "updated_at" timestamp(6) NOT NULL, CONSTRAINT "fk_rails_66c1648b1d"
FOREIGN KEY ("recipient_id")
  REFERENCES "users" ("id")
, CONSTRAINT "fk_rails_e4c42f1f98"
FOREIGN KEY ("extracted_document_id")
  REFERENCES "extracted_documents" ("id")
, CONSTRAINT "fk_rails_8d98434068"
FOREIGN KEY ("template_document_id")
  REFERENCES "templates" ("id")
) /*application='Backend'*/[0m
  [1m[35m (3.4ms)[0m  [1m[35mCREATE INDEX "index_sendings_on_recipient_id" ON "sendings" ("recipient_id") /*application='Backend'*/[0m
  [1m[35m (2.8ms)[0m  [1m[35mCREATE INDEX "index_sendings_on_extracted_document_id" ON "sendings" ("extracted_document_id") /*application='Backend'*/[0m
  [1m[35m (3.1ms)[0m  [1m[35mCREATE INDEX "index_sendings_on_template_document_id" ON "sendings" ("template_document_id") /*application='Backend'*/[0m
  [1m[36mActiveRecord::SchemaMigration Create (0.3ms)[0m  [1m[32mINSERT INTO "schema_migrations" ("version") VALUES ('20260326164845') RETURNING "version" /*application='Backend'*/[0m
  [1m[36mTRANSACTION (2.0ms)[0m  [1m[35mCOMMIT /*application='Backend'*/[0m
  [1m[35m (0.3ms)[0m  [1m[34mSELECT pg_advisory_unlock(5073945470573576205) /*application='Backend'*/[0m
  [1m[36mActiveRecord::SchemaMigration Load (0.2ms)[0m  [1m[34mSELECT "schema_migrations"."version" FROM "schema_migrations" ORDER BY "schema_migrations"."version" ASC /*application='Backend'*/[0m
  [1m[35mSQL (0.1ms)[0m  [1m[35mSET search_path TO public /*application='Backend'*/[0m
  [1m[35mSQL (0.1ms)[0m  [1m[35mSET search_path TO "$user", public /*application='Backend'*/[0m
  [1m[35mSQL (0.1ms)[0m  [1m[35mSET search_path TO public /*application='Backend'*/[0m
  [1m[35mSQL (0.1ms)[0m  [1m[35mSET search_path TO "$user", public /*application='Backend'*/[0m
  [1m[36mActiveRecord::SchemaMigration Load (2.1ms)[0m  [1m[34mSELECT "schema_migrations"."version" FROM "schema_migrations" ORDER BY "schema_migrations"."version" ASC /*application='Backend'*/[0m
  [1m[36mEmployee Load (1.5ms)[0m  [1m[34mSELECT "employees".* FROM "employees" /*application='Backend'*/[0m
  [1m[36mStyle Load (1.0ms)[0m  [1m[34mSELECT "styles".* FROM "styles" /*application='Backend'*/[0m
  [1m[36mTone Load (0.8ms)[0m  [1m[34mSELECT "tones".* FROM "tones" /*application='Backend'*/[0m
  [1m[36mUser Load (0.6ms)[0m  [1m[34mSELECT "users".* FROM "users" /*application='Backend'*/[0m
  [1m[36mCompany Load (0.7ms)[0m  [1m[34mSELECT "companies".* FROM "companies" /*application='Backend'*/[0m
  [1m[36mTRANSACTION (0.3ms)[0m  [1m[35mBEGIN /*application='Backend'*/[0m
  [1m[36mCompany Create (3.0ms)[0m  [1m[32mINSERT INTO "companies" ("name", "created_at", "updated_at") VALUES ('TechCorp Italia', '2026-03-26 17:22:07.142452', '2026-03-26 17:22:07.142452') RETURNING "id" /*application='Backend'*/[0m
  [1m[36mTRANSACTION (1.7ms)[0m  [1m[35mCOMMIT /*application='Backend'*/[0m
  [1m[36mTRANSACTION (0.2ms)[0m  [1m[35mBEGIN /*application='Backend'*/[0m
  [1m[36mCompany Create (1.4ms)[0m  [1m[32mINSERT INTO "companies" ("name", "created_at", "updated_at") VALUES ('Innovazione S.p.A.', '2026-03-26 17:22:07.150928', '2026-03-26 17:22:07.150928') RETURNING "id" /*application='Backend'*/[0m
  [1m[36mTRANSACTION (1.3ms)[0m  [1m[35mCOMMIT /*application='Backend'*/[0m
  [1m[36mTRANSACTION (0.2ms)[0m  [1m[35mBEGIN /*application='Backend'*/[0m
  [1m[36mUser Create (1.5ms)[0m  [1m[32mINSERT INTO "users" ("cf", "username", "password", "email", "name", "surname", "created_at", "updated_at") VALUES ('RSSMRA80A01H501U', 'mario.rossi', 'password123', 'mario.rossi@example.com', 'Mario', 'Rossi', '2026-03-26 17:22:07.163594', '2026-03-26 17:22:07.163594') RETURNING "id" /*application='Backend'*/[0m
  [1m[36mTRANSACTION (1.2ms)[0m  [1m[35mCOMMIT /*application='Backend'*/[0m
  [1m[36mTRANSACTION (0.2ms)[0m  [1m[35mBEGIN /*application='Backend'*/[0m
  [1m[36mUser Create (1.3ms)[0m  [1m[32mINSERT INTO "users" ("cf", "username", "password", "email", "name", "surname", "created_at", "updated_at") VALUES ('BNCGNN90B41F205Z', 'giovanna.bianchi', 'password123', 'giovanna.bianchi@example.com', 'Giovanna', 'Bianchi', '2026-03-26 17:22:07.168655', '2026-03-26 17:22:07.168655') RETURNING "id" /*application='Backend'*/[0m
  [1m[36mTRANSACTION (1.3ms)[0m  [1m[35mCOMMIT /*application='Backend'*/[0m
  [1m[36mTRANSACTION (0.2ms)[0m  [1m[35mBEGIN /*application='Backend'*/[0m
  [1m[36mTone Create (14.8ms)[0m  [1m[32mINSERT INTO "tones" ("name", "description", "company_id", "created_at", "updated_at") VALUES ('Formale', 'Tono professionale e distaccato', 1, '2026-03-26 17:22:07.185469', '2026-03-26 17:22:07.185469') RETURNING "id" /*application='Backend'*/[0m
  [1m[36mTRANSACTION (1.3ms)[0m  [1m[35mCOMMIT /*application='Backend'*/[0m
  [1m[36mTRANSACTION (0.1ms)[0m  [1m[35mBEGIN /*application='Backend'*/[0m
  [1m[36mTone Create (1.1ms)[0m  [1m[32mINSERT INTO "tones" ("name", "description", "company_id", "created_at", "updated_at") VALUES ('Amichevole', 'Tono caldo ed empatico', 1, '2026-03-26 17:22:07.203685', '2026-03-26 17:22:07.203685') RETURNING "id" /*application='Backend'*/[0m
  [1m[36mTRANSACTION (1.1ms)[0m  [1m[35mCOMMIT /*application='Backend'*/[0m
  [1m[36mTRANSACTION (0.3ms)[0m  [1m[35mBEGIN /*application='Backend'*/[0m
  [1m[36mTone Create (1.6ms)[0m  [1m[32mINSERT INTO "tones" ("name", "description", "company_id", "created_at", "updated_at") VALUES ('Persuasivo', 'Tono commerciale per vendite', 2, '2026-03-26 17:22:07.207873', '2026-03-26 17:22:07.207873') RETURNING "id" /*application='Backend'*/[0m
  [1m[36mTRANSACTION (1.3ms)[0m  [1m[35mCOMMIT /*application='Backend'*/[0m
  [1m[36mTRANSACTION (0.1ms)[0m  [1m[35mBEGIN /*application='Backend'*/[0m
  [1m[36mStyle Create (1.4ms)[0m  [1m[32mINSERT INTO "styles" ("name", "description", "company_id", "created_at", "updated_at") VALUES ('Sintetico', 'Frasi brevi e dritte al punto', 1, '2026-03-26 17:22:07.217428', '2026-03-26 17:22:07.217428') RETURNING "id" /*application='Backend'*/[0m
  [1m[36mTRANSACTION (1.3ms)[0m  [1m[35mCOMMIT /*application='Backend'*/[0m
  [1m[36mTRANSACTION (0.2ms)[0m  [1m[35mBEGIN /*application='Backend'*/[0m
  [1m[36mStyle Create (1.4ms)[0m  [1m[32mINSERT INTO "styles" ("name", "description", "company_id", "created_at", "updated_at") VALUES ('Dettagliato', 'Molto descrittivo e prolisso', 2, '2026-03-26 17:22:07.222227', '2026-03-26 17:22:07.222227') RETURNING "id" /*application='Backend'*/[0m
  [1m[36mTRANSACTION (1.6ms)[0m  [1m[35mCOMMIT /*application='Backend'*/[0m
  [1m[36mTRANSACTION (0.2ms)[0m  [1m[35mBEGIN /*application='Backend'*/[0m
  [1m[36mEmployee Create (1.6ms)[0m  [1m[32mINSERT INTO "employees" ("department", "user_id", "company_id", "created_at", "updated_at") VALUES ('IT', 1, 1, '2026-03-26 17:22:07.232582', '2026-03-26 17:22:07.232582') RETURNING "id" /*application='Backend'*/[0m
  [1m[36mTRANSACTION (1.4ms)[0m  [1m[35mCOMMIT /*application='Backend'*/[0m
  [1m[36mTRANSACTION (0.2ms)[0m  [1m[35mBEGIN /*application='Backend'*/[0m
  [1m[36mEmployee Create (1.9ms)[0m  [1m[32mINSERT INTO "employees" ("department", "user_id", "company_id", "created_at", "updated_at") VALUES ('Risorse Umane', 2, 2, '2026-03-26 17:22:07.237649', '2026-03-26 17:22:07.237649') RETURNING "id" /*application='Backend'*/[0m
  [1m[36mTRANSACTION (1.5ms)[0m  [1m[35mCOMMIT /*application='Backend'*/[0m
